Archive Project report for DE2_TOP
Thu Sep 15 15:08:04 2011
Quartus II 64-Bit Version 10.0 Build 218 06/27/2010 SJ Full Version


---------------------
; Table of Contents ;
---------------------
  1. Legal Notice
  2. Archive Project Summary
  3. Archive Project Messages
  4. Files Archived



----------------
; Legal Notice ;
----------------
Copyright (C) 1991-2010 Altera Corporation
Your use of Altera Corporation's design tools, logic functions 
and other software and tools, and its AMPP partner logic 
functions, and any output files from any of the foregoing 
(including device programming or simulation files), and any 
associated documentation or information are expressly subject 
to the terms and conditions of the Altera Program License 
Subscription Agreement, Altera MegaCore Function License 
Agreement, or other applicable license agreement, including, 
without limitation, that your use is for the sole purpose of 
programming logic devices manufactured by Altera and sold by 
Altera or its authorized distributors.  Please refer to the 
applicable agreement for further details.



+----------------------------------------------------------------+
; Archive Project Summary                                        ;
+------------------------+---------------------------------------+
; Archive Project Status ; Successful - Thu Sep 15 15:08:04 2011 ;
; Revision Name          ; DE2_TOP                               ;
; Top-level Entity Name  ; DE2_TOP                               ;
; Family                 ; Cyclone II                            ;
+------------------------+---------------------------------------+


+--------------------------+
; Archive Project Messages ;
+--------------------------+
Info: File Set 'Source control' contains:
    Info: Project source and settings files
    Info: Automatically detected source files
Info: ----------------------------------------------------------
Info: ----------------------------------------------------------
Info: Generated archive 'C:/DE2/VGA_m4k/VGA_m4k.qar'
Info: ----------------------------------------------------------
Info: ----------------------------------------------------------
Info: Generated report 'DE2_TOP.archive.rpt'
Info: Evaluation of Tcl script c:/altera/10.0/quartus/common/tcl/apps/qpm/qar.tcl was successful
Info: Quartus II 64-Bit Shell was successful. 0 errors, 0 warnings
    Info: Peak virtual memory: 222 megabytes
    Info: Processing ended: Thu Sep 15 15:08:04 2011
    Info: Elapsed time: 00:00:22
    Info: Total CPU time (on all processors): 00:00:01


+----------------------------------------------------+
; Files Archived                                     ;
+----------------------------------------------------+
; File Name                                          ;
+----------------------------------------------------+
; DE2_TOP.qsf                                        ;
; DE2_TOP_assignment_defaults.qdf                    ;
; incremental_db/compiled_partitions/DE2_TOP.db_info ;
; Reset_Delay.v                                      ;
; serial_gethex_puthex.mif                           ;
; VGA_640x480_m4k_tinyCPU_serial.v                   ;
; VGA_Audio_PLL.ppf                                  ;
; VGA_Audio_PLL.qip                                  ;
; VGA_Audio_PLL.v                                    ;
; vga_buffer.qip                                     ;
; vga_buffer.v                                       ;
; vga_buffer_bb.v                                    ;
; VGA_Controller/VGA_Controller.v                    ;
; VGA_Controller/VGA_Param.h                         ;
; VGA_m4k.qpf                                        ;
+----------------------------------------------------+


