Flow report for NiosII_stratix_1s10_standard
Sun Oct 18 15:01:57 2009
Quartus II Version 9.0 Build 235 06/17/2009 Service Pack 2 SJ Web Edition


---------------------
; Table of Contents ;
---------------------
  1. Legal Notice
  2. Flow Summary
  3. Flow Settings
  4. Flow Non-Default Global Settings
  5. Flow Elapsed Time
  6. Flow OS Summary
  7. Flow Log



----------------
; Legal Notice ;
----------------
Copyright (C) 1991-2009 Altera Corporation
Your use of Altera Corporation's design tools, logic functions 
and other software and tools, and its AMPP partner logic 
functions, and any output files from any of the foregoing 
(including device programming or simulation files), and any 
associated documentation or information are expressly subject 
to the terms and conditions of the Altera Program License 
Subscription Agreement, Altera MegaCore Function License 
Agreement, or other applicable license agreement, including, 
without limitation, that your use is for the sole purpose of 
programming logic devices manufactured by Altera and sold by 
Altera or its authorized distributors.  Please refer to the 
applicable agreement for further details.



+-------------------------------------------------------------------------+
; Flow Summary                                                            ;
+--------------------------+----------------------------------------------+
; Flow Status              ; Successful - Sun Oct 18 15:01:57 2009        ;
; Quartus II Version       ; 9.0 Build 235 06/17/2009 SP 2 SJ Web Edition ;
; Revision Name            ; NiosII_stratix_1s10_standard                 ;
; Top-level Entity Name    ; NiosII_stratix_1s10_standard                 ;
; Family                   ; Stratix                                      ;
; Device                   ; EP1S10F780C6                                 ;
; Timing Models            ; Final                                        ;
; Met timing requirements  ; Yes                                          ;
; Total logic elements     ; 3,897 / 10,570 ( 37 % )                      ;
; Total pins               ; 174 / 427 ( 41 % )                           ;
; Total virtual pins       ; 2                                            ;
; Total memory bits        ; 571,136 / 920,448 ( 62 % )                   ;
; DSP block 9-bit elements ; 8 / 48 ( 17 % )                              ;
; Total PLLs               ; 1 / 6 ( 17 % )                               ;
; Total DLLs               ; 0 / 2 ( 0 % )                                ;
+--------------------------+----------------------------------------------+


+--------------------------------------------------+
; Flow Settings                                    ;
+-------------------+------------------------------+
; Option            ; Setting                      ;
+-------------------+------------------------------+
; Start date & time ; 10/18/2009 14:58:46          ;
; Main task         ; Compilation                  ;
; Revision Name     ; NiosII_stratix_1s10_standard ;
+-------------------+------------------------------+


+-------------------------------------------------------------------------------------------------------------------+
; Flow Non-Default Global Settings                                                                                  ;
+-----------------------------------------+------------------------------+---------------+-------------+------------+
; Assignment Name                         ; Value                        ; Default Value ; Entity Name ; Section Id ;
+-----------------------------------------+------------------------------+---------------+-------------+------------+
; COMPILER_SIGNATURE_ID                   ; 47463498661.125589232502676  ; --            ; --          ; --         ;
; FMAX_REQUIREMENT                        ; 50 MHz                       ; --            ; --          ; --         ;
; PARTITION_COLOR                         ; 16764057                     ; --            ; --          ; Top        ;
; PARTITION_NETLIST_TYPE                  ; SOURCE                       ; --            ; --          ; Top        ;
; PHYSICAL_SYNTHESIS_REGISTER_DUPLICATION ; On                           ; Off           ; --          ; --         ;
; SOPC_BUILDER_SIGNATURE_ID               ; 001558E094F8000001246900303A ; --            ; --          ; --         ;
+-----------------------------------------+------------------------------+---------------+-------------+------------+


+-----------------------------------------------------------------------------------------------------------------------------+
; Flow Elapsed Time                                                                                                           ;
+-------------------------+--------------+-------------------------+---------------------+------------------------------------+
; Module Name             ; Elapsed Time ; Average Processors Used ; Peak Virtual Memory ; Total CPU Time (on all processors) ;
+-------------------------+--------------+-------------------------+---------------------+------------------------------------+
; Analysis & Synthesis    ; 00:01:25     ; 1.0                     ; 251 MB              ; 00:01:23                           ;
; Fitter                  ; 00:01:17     ; 1.3                     ; 254 MB              ; 00:01:21                           ;
; Assembler               ; 00:00:05     ; 1.0                     ; 206 MB              ; 00:00:04                           ;
; Classic Timing Analyzer ; 00:00:05     ; 1.0                     ; 149 MB              ; 00:00:04                           ;
; Total                   ; 00:02:52     ; --                      ; --                  ; 00:02:52                           ;
+-------------------------+--------------+-------------------------+---------------------+------------------------------------+


+---------------------------------------------------------------------------------------+
; Flow OS Summary                                                                       ;
+-------------------------+------------------+------------+------------+----------------+
; Module Name             ; Machine Hostname ; OS Name    ; OS Version ; Processor type ;
+-------------------------+------------------+------------+------------+----------------+
; Analysis & Synthesis    ; CEGPC18          ; Windows XP ; 5.1        ; i686           ;
; Fitter                  ; CEGPC18          ; Windows XP ; 5.1        ; i686           ;
; Assembler               ; CEGPC18          ; Windows XP ; 5.1        ; i686           ;
; Classic Timing Analyzer ; CEGPC18          ; Windows XP ; 5.1        ; i686           ;
+-------------------------+------------------+------------+------------+----------------+


------------
; Flow Log ;
------------
quartus_map --read_settings_files=on --write_settings_files=off NiosII_stratix_1s10_standard -c NiosII_stratix_1s10_standard
quartus_fit --read_settings_files=off --write_settings_files=off NiosII_stratix_1s10_standard -c NiosII_stratix_1s10_standard
quartus_asm --read_settings_files=off --write_settings_files=off NiosII_stratix_1s10_standard -c NiosII_stratix_1s10_standard
quartus_tan --read_settings_files=off --write_settings_files=off NiosII_stratix_1s10_standard -c NiosII_stratix_1s10_standard --timing_analysis_only



