Assembler report for NiosII_stratix_1s10_standard
Sun Oct 18 15:01:50 2009
Quartus II Version 9.0 Build 235 06/17/2009 Service Pack 2 SJ Web Edition


---------------------
; Table of Contents ;
---------------------
  1. Legal Notice
  2. Assembler Summary
  3. Assembler Settings
  4. Assembler Generated Files
  5. Assembler Device Options: C:/work/standard/NiosII_stratix_1s10_standard.sof
  6. Assembler Device Options: C:/work/standard/NiosII_stratix_1s10_standard.pof
  7. Assembler Messages



----------------
; Legal Notice ;
----------------
Copyright (C) 1991-2009 Altera Corporation
Your use of Altera Corporation's design tools, logic functions 
and other software and tools, and its AMPP partner logic 
functions, and any output files from any of the foregoing 
(including device programming or simulation files), and any 
associated documentation or information are expressly subject 
to the terms and conditions of the Altera Program License 
Subscription Agreement, Altera MegaCore Function License 
Agreement, or other applicable license agreement, including, 
without limitation, that your use is for the sole purpose of 
programming logic devices manufactured by Altera and sold by 
Altera or its authorized distributors.  Please refer to the 
applicable agreement for further details.



+---------------------------------------------------------------+
; Assembler Summary                                             ;
+-----------------------+---------------------------------------+
; Assembler Status      ; Successful - Sun Oct 18 15:01:50 2009 ;
; Revision Name         ; NiosII_stratix_1s10_standard          ;
; Top-level Entity Name ; NiosII_stratix_1s10_standard          ;
; Family                ; Stratix                               ;
; Device                ; EP1S10F780C6                          ;
+-----------------------+---------------------------------------+


+--------------------------------------------------------------------------------------------------------+
; Assembler Settings                                                                                     ;
+-----------------------------------------------------------------------------+----------+---------------+
; Option                                                                      ; Setting  ; Default Value ;
+-----------------------------------------------------------------------------+----------+---------------+
; Generate Tabular Text File (.ttf) For Target Device                         ; On       ; Off           ;
; Use smart compilation                                                       ; Off      ; Off           ;
; Compression mode                                                            ; Off      ; Off           ;
; Clock source for configuration device                                       ; Internal ; Internal      ;
; Clock frequency of the configuration device                                 ; 10 MHZ   ; 10 MHz        ;
; Divide clock frequency by                                                   ; 1        ; 1             ;
; Auto user code                                                              ; Off      ; Off           ;
; Use configuration device                                                    ; On       ; On            ;
; Configuration device                                                        ; Auto     ; Auto          ;
; Configuration device auto user code                                         ; Off      ; Off           ;
; Auto-increment JTAG user code for multiple configuration devices            ; On       ; On            ;
; Disable CONF_DONE and nSTATUS pull-ups on configuration device              ; Off      ; Off           ;
; Generate Raw Binary File (.rbf) For Target Device                           ; Off      ; Off           ;
; Generate Hexadecimal (Intel-Format) Output File (.hexout) for Target Device ; Off      ; Off           ;
; Hexadecimal Output File start address                                       ; 0        ; 0             ;
; Hexadecimal Output File count direction                                     ; Up       ; Up            ;
; Release clears before tri-states                                            ; Off      ; Off           ;
; Auto-restart configuration after error                                      ; On       ; On            ;
; Use Checkered Pattern as Uninitialized RAM Content                          ; Off      ; Off           ;
; Generate Serial Vector Format File (.svf) for Target Device                 ; Off      ; Off           ;
; Generate a JEDEC STAPL Format File (.jam) for Target Device                 ; Off      ; Off           ;
; Generate a compressed Jam STAPL Byte Code 2.0 File (.jbc) for Target Device ; Off      ; Off           ;
; Generate a compressed Jam STAPL Byte Code 2.0 File (.jbc) for Target Device ; On       ; On            ;
+-----------------------------------------------------------------------------+----------+---------------+


+---------------------------------------------------+
; Assembler Generated Files                         ;
+---------------------------------------------------+
; File Name                                         ;
+---------------------------------------------------+
; C:/work/standard/NiosII_stratix_1s10_standard.sof ;
; C:/work/standard/NiosII_stratix_1s10_standard.pof ;
; C:/work/standard/NiosII_stratix_1s10_standard.ttf ;
+---------------------------------------------------+


+-----------------------------------------------------------------------------+
; Assembler Device Options: C:/work/standard/NiosII_stratix_1s10_standard.sof ;
+----------------+------------------------------------------------------------+
; Option         ; Setting                                                    ;
+----------------+------------------------------------------------------------+
; Device         ; EP1S10F780C6                                               ;
; JTAG usercode  ; 0xFFFFFFFF                                                 ;
; Checksum       ; 0x004A5F55                                                 ;
+----------------+------------------------------------------------------------+


+-----------------------------------------------------------------------------+
; Assembler Device Options: C:/work/standard/NiosII_stratix_1s10_standard.pof ;
+--------------------+--------------------------------------------------------+
; Option             ; Setting                                                ;
+--------------------+--------------------------------------------------------+
; Device             ; EPC4                                                   ;
; JTAG usercode      ; 0xFFFFFFFF                                             ;
; Checksum           ; 0x05D6B725                                             ;
; Compression Ratio  ; 1                                                      ;
+--------------------+--------------------------------------------------------+


+--------------------+
; Assembler Messages ;
+--------------------+
Info: *******************************************************************
Info: Running Quartus II Assembler
    Info: Version 9.0 Build 235 06/17/2009 Service Pack 2 SJ Web Edition
    Info: Processing started: Sun Oct 18 15:01:45 2009
Info: Command: quartus_asm --read_settings_files=off --write_settings_files=off NiosII_stratix_1s10_standard -c NiosII_stratix_1s10_standard
Info: Assembler is generating device programming files
Info: Quartus II Assembler was successful. 0 errors, 0 warnings
    Info: Peak virtual memory: 206 megabytes
    Info: Processing ended: Sun Oct 18 15:01:50 2009
    Info: Elapsed time: 00:00:05
    Info: Total CPU time (on all processors): 00:00:04


