Analysis & Synthesis report for DE2_Default
Thu Feb 28 14:10:19 2013
Quartus II 64-Bit Version 11.0 Build 157 04/27/2011 SJ Full Version


---------------------
; Table of Contents ;
---------------------
  1. Legal Notice
  2. Analysis & Synthesis Summary
  3. Analysis & Synthesis Settings
  4. Parallel Compilation
  5. Analysis & Synthesis IP Cores Summary
  6. Source assignments for sld_signaltap:auto_signaltap_0|sld_signaltap_impl:sld_signaltap_body|altsyncram:\stp_non_zero_ram_gen:stp_buffer_ram|altsyncram_mm14:auto_generated
  7. Parameter Settings for User Entity Instance: Top-level Entity: |DE2_Default
  8. Parameter Settings for User Entity Instance: VGA_Audio_PLL:p1|altpll:altpll_component
  9. Parameter Settings for User Entity Instance: I2C_AV_Config:u3
 10. Parameter Settings for User Entity Instance: AUDIO_DAC_ADC:u4
 11. Parameter Settings for User Entity Instance: ram_infer:KS
 12. Parameter Settings for Inferred Entity Instance: sld_signaltap:auto_signaltap_0
 13. Port Connectivity Checks: "signed_mult:gainfactor"
 14. Port Connectivity Checks: "AUDIO_DAC_ADC:u4"
 15. Port Connectivity Checks: "I2C_AV_Config:u3|I2C_Controller:u0"
 16. Port Connectivity Checks: "VGA_Audio_PLL:p1"
 17. Analysis & Synthesis Messages
 18. Analysis & Synthesis Suppressed Messages



----------------
; Legal Notice ;
----------------
Copyright (C) 1991-2011 Altera Corporation
Your use of Altera Corporation's design tools, logic functions 
and other software and tools, and its AMPP partner logic 
functions, and any output files from any of the foregoing 
(including device programming or simulation files), and any 
associated documentation or information are expressly subject 
to the terms and conditions of the Altera Program License 
Subscription Agreement, Altera MegaCore Function License 
Agreement, or other applicable license agreement, including, 
without limitation, that your use is for the sole purpose of 
programming logic devices manufactured by Altera and sold by 
Altera or its authorized distributors.  Please refer to the 
applicable agreement for further details.



+--------------------------------------------------------------------------------+
; Analysis & Synthesis Summary                                                   ;
+------------------------------------+-------------------------------------------+
; Analysis & Synthesis Status        ; Failed - Thu Feb 28 14:10:19 2013         ;
; Quartus II 64-Bit Version          ; 11.0 Build 157 04/27/2011 SJ Full Version ;
; Revision Name                      ; DE2_Default                               ;
; Top-level Entity Name              ; DE2_Default                               ;
; Family                             ; Cyclone II                                ;
; Total logic elements               ; N/A until Partition Merge                 ;
;     Total combinational functions  ; N/A until Partition Merge                 ;
;     Dedicated logic registers      ; N/A until Partition Merge                 ;
; Total registers                    ; N/A until Partition Merge                 ;
; Total pins                         ; N/A until Partition Merge                 ;
; Total virtual pins                 ; N/A until Partition Merge                 ;
; Total memory bits                  ; N/A until Partition Merge                 ;
; Embedded Multiplier 9-bit elements ; N/A until Partition Merge                 ;
; Total PLLs                         ; N/A until Partition Merge                 ;
+------------------------------------+-------------------------------------------+


+----------------------------------------------------------------------------------------------------------------------+
; Analysis & Synthesis Settings                                                                                        ;
+----------------------------------------------------------------------------+--------------------+--------------------+
; Option                                                                     ; Setting            ; Default Value      ;
+----------------------------------------------------------------------------+--------------------+--------------------+
; Device                                                                     ; EP2C35F672C6       ;                    ;
; Top-level entity name                                                      ; DE2_Default        ; DE2_Default        ;
; Family name                                                                ; Cyclone II         ; Stratix            ;
; Use smart compilation                                                      ; Off                ; Off                ;
; Enable parallel Assembler and TimeQuest Timing Analyzer during compilation ; On                 ; On                 ;
; Enable compact report table                                                ; Off                ; Off                ;
; Restructure Multiplexers                                                   ; Auto               ; Auto               ;
; Create Debugging Nodes for IP Cores                                        ; Off                ; Off                ;
; Preserve fewer node names                                                  ; On                 ; On                 ;
; Disable OpenCore Plus hardware evaluation                                  ; Off                ; Off                ;
; Verilog Version                                                            ; Verilog_2001       ; Verilog_2001       ;
; VHDL Version                                                               ; VHDL_1993          ; VHDL_1993          ;
; State Machine Processing                                                   ; Auto               ; Auto               ;
; Safe State Machine                                                         ; Off                ; Off                ;
; Extract Verilog State Machines                                             ; On                 ; On                 ;
; Extract VHDL State Machines                                                ; On                 ; On                 ;
; Ignore Verilog initial constructs                                          ; Off                ; Off                ;
; Iteration limit for constant Verilog loops                                 ; 5000               ; 5000               ;
; Iteration limit for non-constant Verilog loops                             ; 250                ; 250                ;
; Add Pass-Through Logic to Inferred RAMs                                    ; On                 ; On                 ;
; Parallel Synthesis                                                         ; On                 ; On                 ;
; DSP Block Balancing                                                        ; Auto               ; Auto               ;
; Maximum DSP Block Usage                                                    ; -1                 ; -1                 ;
; NOT Gate Push-Back                                                         ; On                 ; On                 ;
; Power-Up Don't Care                                                        ; On                 ; On                 ;
; Remove Redundant Logic Cells                                               ; Off                ; Off                ;
; Remove Duplicate Registers                                                 ; On                 ; On                 ;
; Ignore CARRY Buffers                                                       ; Off                ; Off                ;
; Ignore CASCADE Buffers                                                     ; Off                ; Off                ;
; Ignore GLOBAL Buffers                                                      ; Off                ; Off                ;
; Ignore ROW GLOBAL Buffers                                                  ; Off                ; Off                ;
; Ignore LCELL Buffers                                                       ; Off                ; Off                ;
; Ignore SOFT Buffers                                                        ; On                 ; On                 ;
; Limit AHDL Integers to 32 Bits                                             ; Off                ; Off                ;
; Optimization Technique                                                     ; Balanced           ; Balanced           ;
; Carry Chain Length                                                         ; 70                 ; 70                 ;
; Auto Carry Chains                                                          ; On                 ; On                 ;
; Auto Open-Drain Pins                                                       ; On                 ; On                 ;
; Perform WYSIWYG Primitive Resynthesis                                      ; Off                ; Off                ;
; Auto ROM Replacement                                                       ; On                 ; On                 ;
; Auto RAM Replacement                                                       ; On                 ; On                 ;
; Auto Shift Register Replacement                                            ; Auto               ; Auto               ;
; Allow Shift Register Merging across Hierarchies                            ; Auto               ; Auto               ;
; Auto Clock Enable Replacement                                              ; On                 ; On                 ;
; Strict RAM Replacement                                                     ; Off                ; Off                ;
; Allow Synchronous Control Signals                                          ; On                 ; On                 ;
; Force Use of Synchronous Clear Signals                                     ; Off                ; Off                ;
; Auto RAM to Logic Cell Conversion                                          ; Off                ; Off                ;
; Auto Resource Sharing                                                      ; Off                ; Off                ;
; Allow Any RAM Size For Recognition                                         ; Off                ; Off                ;
; Allow Any ROM Size For Recognition                                         ; Off                ; Off                ;
; Allow Any Shift Register Size For Recognition                              ; Off                ; Off                ;
; Use LogicLock Constraints during Resource Balancing                        ; On                 ; On                 ;
; Maximum Number of M4K/M9K/M20K Memory Blocks                               ; -1                 ; -1                 ;
; Ignore translate_off and synthesis_off directives                          ; Off                ; Off                ;
; Timing-Driven Synthesis                                                    ; Off                ; Off                ;
; Report Parameter Settings                                                  ; On                 ; On                 ;
; Report Source Assignments                                                  ; On                 ; On                 ;
; Report Connectivity Checks                                                 ; On                 ; On                 ;
; Ignore Maximum Fan-Out Assignments                                         ; Off                ; Off                ;
; Synchronization Register Chain Length                                      ; 2                  ; 2                  ;
; PowerPlay Power Optimization                                               ; Normal compilation ; Normal compilation ;
; HDL message level                                                          ; Level2             ; Level2             ;
; Suppress Register Optimization Related Messages                            ; Off                ; Off                ;
; Number of Removed Registers Reported in Synthesis Report                   ; 5000               ; 5000               ;
; Number of Inverted Registers Reported in Synthesis Report                  ; 100                ; 100                ;
; Clock MUX Protection                                                       ; On                 ; On                 ;
; Auto Gated Clock Conversion                                                ; Off                ; Off                ;
; Block Design Naming                                                        ; Auto               ; Auto               ;
; SDC constraint protection                                                  ; Off                ; Off                ;
; Synthesis Effort                                                           ; Auto               ; Auto               ;
; Shift Register Replacement - Allow Asynchronous Clear Signal               ; On                 ; On                 ;
; Analysis & Synthesis Message Level                                         ; Medium             ; Medium             ;
; Disable Register Merging Across Hierarchies                                ; Auto               ; Auto               ;
; Resource Aware Inference For Block RAM                                     ; On                 ; On                 ;
; Synthesis Seed                                                             ; 1                  ; 1                  ;
+----------------------------------------------------------------------------+--------------------+--------------------+


+------------------------------------------+
; Parallel Compilation                     ;
+----------------------------+-------------+
; Processors                 ; Number      ;
+----------------------------+-------------+
; Number detected on machine ; 4           ;
; Maximum allowed            ; 4           ;
;                            ;             ;
; Average used               ; 1.00        ;
; Maximum used               ; 1           ;
;                            ;             ;
; Usage by Processor         ; % Time Used ;
;     1 processor            ; 100.0%      ;
;     2-4 processors         ;   0.0%      ;
+----------------------------+-------------+


+-----------------------------------------------------------------------------------------------------------------------------------------------+
; Analysis & Synthesis IP Cores Summary                                                                                                         ;
+--------+--------------+---------+--------------+--------------+-------------------------------+-----------------------------------------------+
; Vendor ; IP Core Name ; Version ; Release Date ; License Type ; Entity Instance               ; IP Include File                               ;
+--------+--------------+---------+--------------+--------------+-------------------------------+-----------------------------------------------+
; Altera ; ALTPLL       ; N/A     ; N/A          ; N/A          ; |DE2_Default|VGA_Audio_PLL:p1 ; C:/ece5760/lab3/KarplusStrong/VGA_Audio_PLL.v ;
+--------+--------------+---------+--------------+--------------+-------------------------------+-----------------------------------------------+


+----------------------------------------------------------------------------------------------------------------------------------------------------------------------------+
; Source assignments for sld_signaltap:auto_signaltap_0|sld_signaltap_impl:sld_signaltap_body|altsyncram:\stp_non_zero_ram_gen:stp_buffer_ram|altsyncram_mm14:auto_generated ;
+---------------------------------+--------------------+------+--------------------------------------------------------------------------------------------------------------+
; Assignment                      ; Value              ; From ; To                                                                                                           ;
+---------------------------------+--------------------+------+--------------------------------------------------------------------------------------------------------------+
; OPTIMIZE_POWER_DURING_SYNTHESIS ; NORMAL_COMPILATION ; -    ; -                                                                                                            ;
+---------------------------------+--------------------+------+--------------------------------------------------------------------------------------------------------------+


+-----------------------------------------------------------------------------+
; Parameter Settings for User Entity Instance: Top-level Entity: |DE2_Default ;
+----------------+-------+----------------------------------------------------+
; Parameter Name ; Value ; Type                                               ;
+----------------+-------+----------------------------------------------------+
; note           ; 436   ; Signed Integer                                     ;
+----------------+-------+----------------------------------------------------+
Note: In order to hide this table in the UI and the text report file, please set the "Show Parameter Settings in Synthesis Report" option in "Analysis and Synthesis Settings -> More Settings" to "Off".


+---------------------------------------------------------------------------------------+
; Parameter Settings for User Entity Instance: VGA_Audio_PLL:p1|altpll:altpll_component ;
+-------------------------------+-------------------+-----------------------------------+
; Parameter Name                ; Value             ; Type                              ;
+-------------------------------+-------------------+-----------------------------------+
; OPERATION_MODE                ; NORMAL            ; Untyped                           ;
; PLL_TYPE                      ; FAST              ; Untyped                           ;
; LPM_HINT                      ; UNUSED            ; Untyped                           ;
; QUALIFY_CONF_DONE             ; OFF               ; Untyped                           ;
; COMPENSATE_CLOCK              ; CLK0              ; Untyped                           ;
; SCAN_CHAIN                    ; LONG              ; Untyped                           ;
; PRIMARY_CLOCK                 ; INCLK0            ; Untyped                           ;
; INCLK0_INPUT_FREQUENCY        ; 37037             ; Signed Integer                    ;
; INCLK1_INPUT_FREQUENCY        ; 0                 ; Untyped                           ;
; GATE_LOCK_SIGNAL              ; NO                ; Untyped                           ;
; GATE_LOCK_COUNTER             ; 0                 ; Untyped                           ;
; LOCK_HIGH                     ; 1                 ; Untyped                           ;
; LOCK_LOW                      ; 1                 ; Untyped                           ;
; VALID_LOCK_MULTIPLIER         ; 1                 ; Untyped                           ;
; INVALID_LOCK_MULTIPLIER       ; 5                 ; Untyped                           ;
; SWITCH_OVER_ON_LOSSCLK        ; OFF               ; Untyped                           ;
; SWITCH_OVER_ON_GATED_LOCK     ; OFF               ; Untyped                           ;
; ENABLE_SWITCH_OVER_COUNTER    ; OFF               ; Untyped                           ;
; SKIP_VCO                      ; OFF               ; Untyped                           ;
; SWITCH_OVER_COUNTER           ; 0                 ; Untyped                           ;
; SWITCH_OVER_TYPE              ; AUTO              ; Untyped                           ;
; FEEDBACK_SOURCE               ; EXTCLK0           ; Untyped                           ;
; BANDWIDTH                     ; 0                 ; Untyped                           ;
; BANDWIDTH_TYPE                ; AUTO              ; Untyped                           ;
; SPREAD_FREQUENCY              ; 0                 ; Untyped                           ;
; DOWN_SPREAD                   ; 0                 ; Untyped                           ;
; SELF_RESET_ON_GATED_LOSS_LOCK ; OFF               ; Untyped                           ;
; SELF_RESET_ON_LOSS_LOCK       ; OFF               ; Untyped                           ;
; CLK9_MULTIPLY_BY              ; 0                 ; Untyped                           ;
; CLK8_MULTIPLY_BY              ; 0                 ; Untyped                           ;
; CLK7_MULTIPLY_BY              ; 0                 ; Untyped                           ;
; CLK6_MULTIPLY_BY              ; 0                 ; Untyped                           ;
; CLK5_MULTIPLY_BY              ; 1                 ; Untyped                           ;
; CLK4_MULTIPLY_BY              ; 1                 ; Untyped                           ;
; CLK3_MULTIPLY_BY              ; 1                 ; Untyped                           ;
; CLK2_MULTIPLY_BY              ; 14                ; Signed Integer                    ;
; CLK1_MULTIPLY_BY              ; 2                 ; Signed Integer                    ;
; CLK0_MULTIPLY_BY              ; 14                ; Signed Integer                    ;
; CLK9_DIVIDE_BY                ; 0                 ; Untyped                           ;
; CLK8_DIVIDE_BY                ; 0                 ; Untyped                           ;
; CLK7_DIVIDE_BY                ; 0                 ; Untyped                           ;
; CLK6_DIVIDE_BY                ; 0                 ; Untyped                           ;
; CLK5_DIVIDE_BY                ; 1                 ; Untyped                           ;
; CLK4_DIVIDE_BY                ; 1                 ; Untyped                           ;
; CLK3_DIVIDE_BY                ; 1                 ; Untyped                           ;
; CLK2_DIVIDE_BY                ; 15                ; Signed Integer                    ;
; CLK1_DIVIDE_BY                ; 3                 ; Signed Integer                    ;
; CLK0_DIVIDE_BY                ; 15                ; Signed Integer                    ;
; CLK9_PHASE_SHIFT              ; 0                 ; Untyped                           ;
; CLK8_PHASE_SHIFT              ; 0                 ; Untyped                           ;
; CLK7_PHASE_SHIFT              ; 0                 ; Untyped                           ;
; CLK6_PHASE_SHIFT              ; 0                 ; Untyped                           ;
; CLK5_PHASE_SHIFT              ; 0                 ; Untyped                           ;
; CLK4_PHASE_SHIFT              ; 0                 ; Untyped                           ;
; CLK3_PHASE_SHIFT              ; 0                 ; Untyped                           ;
; CLK2_PHASE_SHIFT              ; -9921             ; Untyped                           ;
; CLK1_PHASE_SHIFT              ; 0                 ; Untyped                           ;
; CLK0_PHASE_SHIFT              ; 0                 ; Untyped                           ;
; CLK5_TIME_DELAY               ; 0                 ; Untyped                           ;
; CLK4_TIME_DELAY               ; 0                 ; Untyped                           ;
; CLK3_TIME_DELAY               ; 0                 ; Untyped                           ;
; CLK2_TIME_DELAY               ; 0                 ; Untyped                           ;
; CLK1_TIME_DELAY               ; 0                 ; Untyped                           ;
; CLK0_TIME_DELAY               ; 0                 ; Untyped                           ;
; CLK9_DUTY_CYCLE               ; 50                ; Untyped                           ;
; CLK8_DUTY_CYCLE               ; 50                ; Untyped                           ;
; CLK7_DUTY_CYCLE               ; 50                ; Untyped                           ;
; CLK6_DUTY_CYCLE               ; 50                ; Untyped                           ;
; CLK5_DUTY_CYCLE               ; 50                ; Untyped                           ;
; CLK4_DUTY_CYCLE               ; 50                ; Untyped                           ;
; CLK3_DUTY_CYCLE               ; 50                ; Untyped                           ;
; CLK2_DUTY_CYCLE               ; 50                ; Signed Integer                    ;
; CLK1_DUTY_CYCLE               ; 50                ; Signed Integer                    ;
; CLK0_DUTY_CYCLE               ; 50                ; Signed Integer                    ;
; CLK9_USE_EVEN_COUNTER_MODE    ; OFF               ; Untyped                           ;
; CLK8_USE_EVEN_COUNTER_MODE    ; OFF               ; Untyped                           ;
; CLK7_USE_EVEN_COUNTER_MODE    ; OFF               ; Untyped                           ;
; CLK6_USE_EVEN_COUNTER_MODE    ; OFF               ; Untyped                           ;
; CLK5_USE_EVEN_COUNTER_MODE    ; OFF               ; Untyped                           ;
; CLK4_USE_EVEN_COUNTER_MODE    ; OFF               ; Untyped                           ;
; CLK3_USE_EVEN_COUNTER_MODE    ; OFF               ; Untyped                           ;
; CLK2_USE_EVEN_COUNTER_MODE    ; OFF               ; Untyped                           ;
; CLK1_USE_EVEN_COUNTER_MODE    ; OFF               ; Untyped                           ;
; CLK0_USE_EVEN_COUNTER_MODE    ; OFF               ; Untyped                           ;
; CLK9_USE_EVEN_COUNTER_VALUE   ; OFF               ; Untyped                           ;
; CLK8_USE_EVEN_COUNTER_VALUE   ; OFF               ; Untyped                           ;
; CLK7_USE_EVEN_COUNTER_VALUE   ; OFF               ; Untyped                           ;
; CLK6_USE_EVEN_COUNTER_VALUE   ; OFF               ; Untyped                           ;
; CLK5_USE_EVEN_COUNTER_VALUE   ; OFF               ; Untyped                           ;
; CLK4_USE_EVEN_COUNTER_VALUE   ; OFF               ; Untyped                           ;
; CLK3_USE_EVEN_COUNTER_VALUE   ; OFF               ; Untyped                           ;
; CLK2_USE_EVEN_COUNTER_VALUE   ; OFF               ; Untyped                           ;
; CLK1_USE_EVEN_COUNTER_VALUE   ; OFF               ; Untyped                           ;
; CLK0_USE_EVEN_COUNTER_VALUE   ; OFF               ; Untyped                           ;
; LOCK_WINDOW_UI                ;  0.05             ; Untyped                           ;
; LOCK_WINDOW_UI_BITS           ; UNUSED            ; Untyped                           ;
; VCO_RANGE_DETECTOR_LOW_BITS   ; UNUSED            ; Untyped                           ;
; VCO_RANGE_DETECTOR_HIGH_BITS  ; UNUSED            ; Untyped                           ;
; DPA_MULTIPLY_BY               ; 0                 ; Untyped                           ;
; DPA_DIVIDE_BY                 ; 1                 ; Untyped                           ;
; DPA_DIVIDER                   ; 0                 ; Untyped                           ;
; EXTCLK3_MULTIPLY_BY           ; 1                 ; Untyped                           ;
; EXTCLK2_MULTIPLY_BY           ; 1                 ; Untyped                           ;
; EXTCLK1_MULTIPLY_BY           ; 1                 ; Untyped                           ;
; EXTCLK0_MULTIPLY_BY           ; 1                 ; Untyped                           ;
; EXTCLK3_DIVIDE_BY             ; 1                 ; Untyped                           ;
; EXTCLK2_DIVIDE_BY             ; 1                 ; Untyped                           ;
; EXTCLK1_DIVIDE_BY             ; 1                 ; Untyped                           ;
; EXTCLK0_DIVIDE_BY             ; 1                 ; Untyped                           ;
; EXTCLK3_PHASE_SHIFT           ; 0                 ; Untyped                           ;
; EXTCLK2_PHASE_SHIFT           ; 0                 ; Untyped                           ;
; EXTCLK1_PHASE_SHIFT           ; 0                 ; Untyped                           ;
; EXTCLK0_PHASE_SHIFT           ; 0                 ; Untyped                           ;
; EXTCLK3_TIME_DELAY            ; 0                 ; Untyped                           ;
; EXTCLK2_TIME_DELAY            ; 0                 ; Untyped                           ;
; EXTCLK1_TIME_DELAY            ; 0                 ; Untyped                           ;
; EXTCLK0_TIME_DELAY            ; 0                 ; Untyped                           ;
; EXTCLK3_DUTY_CYCLE            ; 50                ; Untyped                           ;
; EXTCLK2_DUTY_CYCLE            ; 50                ; Untyped                           ;
; EXTCLK1_DUTY_CYCLE            ; 50                ; Untyped                           ;
; EXTCLK0_DUTY_CYCLE            ; 50                ; Untyped                           ;
; VCO_MULTIPLY_BY               ; 0                 ; Untyped                           ;
; VCO_DIVIDE_BY                 ; 0                 ; Untyped                           ;
; SCLKOUT0_PHASE_SHIFT          ; 0                 ; Untyped                           ;
; SCLKOUT1_PHASE_SHIFT          ; 0                 ; Untyped                           ;
; VCO_MIN                       ; 0                 ; Untyped                           ;
; VCO_MAX                       ; 0                 ; Untyped                           ;
; VCO_CENTER                    ; 0                 ; Untyped                           ;
; PFD_MIN                       ; 0                 ; Untyped                           ;
; PFD_MAX                       ; 0                 ; Untyped                           ;
; M_INITIAL                     ; 0                 ; Untyped                           ;
; M                             ; 0                 ; Untyped                           ;
; N                             ; 1                 ; Untyped                           ;
; M2                            ; 1                 ; Untyped                           ;
; N2                            ; 1                 ; Untyped                           ;
; SS                            ; 1                 ; Untyped                           ;
; C0_HIGH                       ; 0                 ; Untyped                           ;
; C1_HIGH                       ; 0                 ; Untyped                           ;
; C2_HIGH                       ; 0                 ; Untyped                           ;
; C3_HIGH                       ; 0                 ; Untyped                           ;
; C4_HIGH                       ; 0                 ; Untyped                           ;
; C5_HIGH                       ; 0                 ; Untyped                           ;
; C6_HIGH                       ; 0                 ; Untyped                           ;
; C7_HIGH                       ; 0                 ; Untyped                           ;
; C8_HIGH                       ; 0                 ; Untyped                           ;
; C9_HIGH                       ; 0                 ; Untyped                           ;
; C0_LOW                        ; 0                 ; Untyped                           ;
; C1_LOW                        ; 0                 ; Untyped                           ;
; C2_LOW                        ; 0                 ; Untyped                           ;
; C3_LOW                        ; 0                 ; Untyped                           ;
; C4_LOW                        ; 0                 ; Untyped                           ;
; C5_LOW                        ; 0                 ; Untyped                           ;
; C6_LOW                        ; 0                 ; Untyped                           ;
; C7_LOW                        ; 0                 ; Untyped                           ;
; C8_LOW                        ; 0                 ; Untyped                           ;
; C9_LOW                        ; 0                 ; Untyped                           ;
; C0_INITIAL                    ; 0                 ; Untyped                           ;
; C1_INITIAL                    ; 0                 ; Untyped                           ;
; C2_INITIAL                    ; 0                 ; Untyped                           ;
; C3_INITIAL                    ; 0                 ; Untyped                           ;
; C4_INITIAL                    ; 0                 ; Untyped                           ;
; C5_INITIAL                    ; 0                 ; Untyped                           ;
; C6_INITIAL                    ; 0                 ; Untyped                           ;
; C7_INITIAL                    ; 0                 ; Untyped                           ;
; C8_INITIAL                    ; 0                 ; Untyped                           ;
; C9_INITIAL                    ; 0                 ; Untyped                           ;
; C0_MODE                       ; BYPASS            ; Untyped                           ;
; C1_MODE                       ; BYPASS            ; Untyped                           ;
; C2_MODE                       ; BYPASS            ; Untyped                           ;
; C3_MODE                       ; BYPASS            ; Untyped                           ;
; C4_MODE                       ; BYPASS            ; Untyped                           ;
; C5_MODE                       ; BYPASS            ; Untyped                           ;
; C6_MODE                       ; BYPASS            ; Untyped                           ;
; C7_MODE                       ; BYPASS            ; Untyped                           ;
; C8_MODE                       ; BYPASS            ; Untyped                           ;
; C9_MODE                       ; BYPASS            ; Untyped                           ;
; C0_PH                         ; 0                 ; Untyped                           ;
; C1_PH                         ; 0                 ; Untyped                           ;
; C2_PH                         ; 0                 ; Untyped                           ;
; C3_PH                         ; 0                 ; Untyped                           ;
; C4_PH                         ; 0                 ; Untyped                           ;
; C5_PH                         ; 0                 ; Untyped                           ;
; C6_PH                         ; 0                 ; Untyped                           ;
; C7_PH                         ; 0                 ; Untyped                           ;
; C8_PH                         ; 0                 ; Untyped                           ;
; C9_PH                         ; 0                 ; Untyped                           ;
; L0_HIGH                       ; 1                 ; Untyped                           ;
; L1_HIGH                       ; 1                 ; Untyped                           ;
; G0_HIGH                       ; 1                 ; Untyped                           ;
; G1_HIGH                       ; 1                 ; Untyped                           ;
; G2_HIGH                       ; 1                 ; Untyped                           ;
; G3_HIGH                       ; 1                 ; Untyped                           ;
; E0_HIGH                       ; 1                 ; Untyped                           ;
; E1_HIGH                       ; 1                 ; Untyped                           ;
; E2_HIGH                       ; 1                 ; Untyped                           ;
; E3_HIGH                       ; 1                 ; Untyped                           ;
; L0_LOW                        ; 1                 ; Untyped                           ;
; L1_LOW                        ; 1                 ; Untyped                           ;
; G0_LOW                        ; 1                 ; Untyped                           ;
; G1_LOW                        ; 1                 ; Untyped                           ;
; G2_LOW                        ; 1                 ; Untyped                           ;
; G3_LOW                        ; 1                 ; Untyped                           ;
; E0_LOW                        ; 1                 ; Untyped                           ;
; E1_LOW                        ; 1                 ; Untyped                           ;
; E2_LOW                        ; 1                 ; Untyped                           ;
; E3_LOW                        ; 1                 ; Untyped                           ;
; L0_INITIAL                    ; 1                 ; Untyped                           ;
; L1_INITIAL                    ; 1                 ; Untyped                           ;
; G0_INITIAL                    ; 1                 ; Untyped                           ;
; G1_INITIAL                    ; 1                 ; Untyped                           ;
; G2_INITIAL                    ; 1                 ; Untyped                           ;
; G3_INITIAL                    ; 1                 ; Untyped                           ;
; E0_INITIAL                    ; 1                 ; Untyped                           ;
; E1_INITIAL                    ; 1                 ; Untyped                           ;
; E2_INITIAL                    ; 1                 ; Untyped                           ;
; E3_INITIAL                    ; 1                 ; Untyped                           ;
; L0_MODE                       ; BYPASS            ; Untyped                           ;
; L1_MODE                       ; BYPASS            ; Untyped                           ;
; G0_MODE                       ; BYPASS            ; Untyped                           ;
; G1_MODE                       ; BYPASS            ; Untyped                           ;
; G2_MODE                       ; BYPASS            ; Untyped                           ;
; G3_MODE                       ; BYPASS            ; Untyped                           ;
; E0_MODE                       ; BYPASS            ; Untyped                           ;
; E1_MODE                       ; BYPASS            ; Untyped                           ;
; E2_MODE                       ; BYPASS            ; Untyped                           ;
; E3_MODE                       ; BYPASS            ; Untyped                           ;
; L0_PH                         ; 0                 ; Untyped                           ;
; L1_PH                         ; 0                 ; Untyped                           ;
; G0_PH                         ; 0                 ; Untyped                           ;
; G1_PH                         ; 0                 ; Untyped                           ;
; G2_PH                         ; 0                 ; Untyped                           ;
; G3_PH                         ; 0                 ; Untyped                           ;
; E0_PH                         ; 0                 ; Untyped                           ;
; E1_PH                         ; 0                 ; Untyped                           ;
; E2_PH                         ; 0                 ; Untyped                           ;
; E3_PH                         ; 0                 ; Untyped                           ;
; M_PH                          ; 0                 ; Untyped                           ;
; C1_USE_CASC_IN                ; OFF               ; Untyped                           ;
; C2_USE_CASC_IN                ; OFF               ; Untyped                           ;
; C3_USE_CASC_IN                ; OFF               ; Untyped                           ;
; C4_USE_CASC_IN                ; OFF               ; Untyped                           ;
; C5_USE_CASC_IN                ; OFF               ; Untyped                           ;
; C6_USE_CASC_IN                ; OFF               ; Untyped                           ;
; C7_USE_CASC_IN                ; OFF               ; Untyped                           ;
; C8_USE_CASC_IN                ; OFF               ; Untyped                           ;
; C9_USE_CASC_IN                ; OFF               ; Untyped                           ;
; CLK0_COUNTER                  ; G0                ; Untyped                           ;
; CLK1_COUNTER                  ; G0                ; Untyped                           ;
; CLK2_COUNTER                  ; G0                ; Untyped                           ;
; CLK3_COUNTER                  ; G0                ; Untyped                           ;
; CLK4_COUNTER                  ; G0                ; Untyped                           ;
; CLK5_COUNTER                  ; G0                ; Untyped                           ;
; CLK6_COUNTER                  ; E0                ; Untyped                           ;
; CLK7_COUNTER                  ; E1                ; Untyped                           ;
; CLK8_COUNTER                  ; E2                ; Untyped                           ;
; CLK9_COUNTER                  ; E3                ; Untyped                           ;
; L0_TIME_DELAY                 ; 0                 ; Untyped                           ;
; L1_TIME_DELAY                 ; 0                 ; Untyped                           ;
; G0_TIME_DELAY                 ; 0                 ; Untyped                           ;
; G1_TIME_DELAY                 ; 0                 ; Untyped                           ;
; G2_TIME_DELAY                 ; 0                 ; Untyped                           ;
; G3_TIME_DELAY                 ; 0                 ; Untyped                           ;
; E0_TIME_DELAY                 ; 0                 ; Untyped                           ;
; E1_TIME_DELAY                 ; 0                 ; Untyped                           ;
; E2_TIME_DELAY                 ; 0                 ; Untyped                           ;
; E3_TIME_DELAY                 ; 0                 ; Untyped                           ;
; M_TIME_DELAY                  ; 0                 ; Untyped                           ;
; N_TIME_DELAY                  ; 0                 ; Untyped                           ;
; EXTCLK3_COUNTER               ; E3                ; Untyped                           ;
; EXTCLK2_COUNTER               ; E2                ; Untyped                           ;
; EXTCLK1_COUNTER               ; E1                ; Untyped                           ;
; EXTCLK0_COUNTER               ; E0                ; Untyped                           ;
; ENABLE0_COUNTER               ; L0                ; Untyped                           ;
; ENABLE1_COUNTER               ; L0                ; Untyped                           ;
; CHARGE_PUMP_CURRENT           ; 2                 ; Untyped                           ;
; LOOP_FILTER_R                 ;  1.000000         ; Untyped                           ;
; LOOP_FILTER_C                 ; 5                 ; Untyped                           ;
; CHARGE_PUMP_CURRENT_BITS      ; 9999              ; Untyped                           ;
; LOOP_FILTER_R_BITS            ; 9999              ; Untyped                           ;
; LOOP_FILTER_C_BITS            ; 9999              ; Untyped                           ;
; VCO_POST_SCALE                ; 0                 ; Untyped                           ;
; CLK2_OUTPUT_FREQUENCY         ; 0                 ; Untyped                           ;
; CLK1_OUTPUT_FREQUENCY         ; 0                 ; Untyped                           ;
; CLK0_OUTPUT_FREQUENCY         ; 0                 ; Untyped                           ;
; INTENDED_DEVICE_FAMILY        ; Cyclone II        ; Untyped                           ;
; PORT_CLKENA0                  ; PORT_CONNECTIVITY ; Untyped                           ;
; PORT_CLKENA1                  ; PORT_CONNECTIVITY ; Untyped                           ;
; PORT_CLKENA2                  ; PORT_CONNECTIVITY ; Untyped                           ;
; PORT_CLKENA3                  ; PORT_CONNECTIVITY ; Untyped                           ;
; PORT_CLKENA4                  ; PORT_CONNECTIVITY ; Untyped                           ;
; PORT_CLKENA5                  ; PORT_CONNECTIVITY ; Untyped                           ;
; PORT_EXTCLKENA0               ; PORT_CONNECTIVITY ; Untyped                           ;
; PORT_EXTCLKENA1               ; PORT_CONNECTIVITY ; Untyped                           ;
; PORT_EXTCLKENA2               ; PORT_CONNECTIVITY ; Untyped                           ;
; PORT_EXTCLKENA3               ; PORT_CONNECTIVITY ; Untyped                           ;
; PORT_EXTCLK0                  ; PORT_CONNECTIVITY ; Untyped                           ;
; PORT_EXTCLK1                  ; PORT_CONNECTIVITY ; Untyped                           ;
; PORT_EXTCLK2                  ; PORT_CONNECTIVITY ; Untyped                           ;
; PORT_EXTCLK3                  ; PORT_CONNECTIVITY ; Untyped                           ;
; PORT_CLKBAD0                  ; PORT_CONNECTIVITY ; Untyped                           ;
; PORT_CLKBAD1                  ; PORT_CONNECTIVITY ; Untyped                           ;
; PORT_CLK0                     ; PORT_CONNECTIVITY ; Untyped                           ;
; PORT_CLK1                     ; PORT_CONNECTIVITY ; Untyped                           ;
; PORT_CLK2                     ; PORT_CONNECTIVITY ; Untyped                           ;
; PORT_CLK3                     ; PORT_CONNECTIVITY ; Untyped                           ;
; PORT_CLK4                     ; PORT_CONNECTIVITY ; Untyped                           ;
; PORT_CLK5                     ; PORT_CONNECTIVITY ; Untyped                           ;
; PORT_CLK6                     ; PORT_UNUSED       ; Untyped                           ;
; PORT_CLK7                     ; PORT_UNUSED       ; Untyped                           ;
; PORT_CLK8                     ; PORT_UNUSED       ; Untyped                           ;
; PORT_CLK9                     ; PORT_UNUSED       ; Untyped                           ;
; PORT_SCANDATA                 ; PORT_CONNECTIVITY ; Untyped                           ;
; PORT_SCANDATAOUT              ; PORT_CONNECTIVITY ; Untyped                           ;
; PORT_SCANDONE                 ; PORT_CONNECTIVITY ; Untyped                           ;
; PORT_SCLKOUT1                 ; PORT_CONNECTIVITY ; Untyped                           ;
; PORT_SCLKOUT0                 ; PORT_CONNECTIVITY ; Untyped                           ;
; PORT_ACTIVECLOCK              ; PORT_CONNECTIVITY ; Untyped                           ;
; PORT_CLKLOSS                  ; PORT_CONNECTIVITY ; Untyped                           ;
; PORT_INCLK1                   ; PORT_CONNECTIVITY ; Untyped                           ;
; PORT_INCLK0                   ; PORT_CONNECTIVITY ; Untyped                           ;
; PORT_FBIN                     ; PORT_CONNECTIVITY ; Untyped                           ;
; PORT_PLLENA                   ; PORT_CONNECTIVITY ; Untyped                           ;
; PORT_CLKSWITCH                ; PORT_CONNECTIVITY ; Untyped                           ;
; PORT_ARESET                   ; PORT_CONNECTIVITY ; Untyped                           ;
; PORT_PFDENA                   ; PORT_CONNECTIVITY ; Untyped                           ;
; PORT_SCANCLK                  ; PORT_CONNECTIVITY ; Untyped                           ;
; PORT_SCANACLR                 ; PORT_CONNECTIVITY ; Untyped                           ;
; PORT_SCANREAD                 ; PORT_CONNECTIVITY ; Untyped                           ;
; PORT_SCANWRITE                ; PORT_CONNECTIVITY ; Untyped                           ;
; PORT_ENABLE0                  ; PORT_CONNECTIVITY ; Untyped                           ;
; PORT_ENABLE1                  ; PORT_CONNECTIVITY ; Untyped                           ;
; PORT_LOCKED                   ; PORT_CONNECTIVITY ; Untyped                           ;
; PORT_CONFIGUPDATE             ; PORT_CONNECTIVITY ; Untyped                           ;
; PORT_FBOUT                    ; PORT_CONNECTIVITY ; Untyped                           ;
; PORT_PHASEDONE                ; PORT_CONNECTIVITY ; Untyped                           ;
; PORT_PHASESTEP                ; PORT_CONNECTIVITY ; Untyped                           ;
; PORT_PHASEUPDOWN              ; PORT_CONNECTIVITY ; Untyped                           ;
; PORT_SCANCLKENA               ; PORT_CONNECTIVITY ; Untyped                           ;
; PORT_PHASECOUNTERSELECT       ; PORT_CONNECTIVITY ; Untyped                           ;
; PORT_VCOOVERRANGE             ; PORT_CONNECTIVITY ; Untyped                           ;
; PORT_VCOUNDERRANGE            ; PORT_CONNECTIVITY ; Untyped                           ;
; M_TEST_SOURCE                 ; 5                 ; Untyped                           ;
; C0_TEST_SOURCE                ; 5                 ; Untyped                           ;
; C1_TEST_SOURCE                ; 5                 ; Untyped                           ;
; C2_TEST_SOURCE                ; 5                 ; Untyped                           ;
; C3_TEST_SOURCE                ; 5                 ; Untyped                           ;
; C4_TEST_SOURCE                ; 5                 ; Untyped                           ;
; C5_TEST_SOURCE                ; 5                 ; Untyped                           ;
; C6_TEST_SOURCE                ; 5                 ; Untyped                           ;
; C7_TEST_SOURCE                ; 5                 ; Untyped                           ;
; C8_TEST_SOURCE                ; 5                 ; Untyped                           ;
; C9_TEST_SOURCE                ; 5                 ; Untyped                           ;
; CBXI_PARAMETER                ; NOTHING           ; Untyped                           ;
; VCO_FREQUENCY_CONTROL         ; AUTO              ; Untyped                           ;
; VCO_PHASE_SHIFT_STEP          ; 0                 ; Untyped                           ;
; WIDTH_CLOCK                   ; 6                 ; Untyped                           ;
; WIDTH_PHASECOUNTERSELECT      ; 4                 ; Untyped                           ;
; USING_FBMIMICBIDIR_PORT       ; OFF               ; Untyped                           ;
; DEVICE_FAMILY                 ; Cyclone II        ; Untyped                           ;
; SCAN_CHAIN_MIF_FILE           ; UNUSED            ; Untyped                           ;
; SIM_GATE_LOCK_DEVICE_BEHAVIOR ; OFF               ; Untyped                           ;
; AUTO_CARRY_CHAINS             ; ON                ; AUTO_CARRY                        ;
; IGNORE_CARRY_BUFFERS          ; OFF               ; IGNORE_CARRY                      ;
; AUTO_CASCADE_CHAINS           ; ON                ; AUTO_CASCADE                      ;
; IGNORE_CASCADE_BUFFERS        ; OFF               ; IGNORE_CASCADE                    ;
+-------------------------------+-------------------+-----------------------------------+
Note: In order to hide this table in the UI and the text report file, please set the "Show Parameter Settings in Synthesis Report" option in "Analysis and Synthesis Settings -> More Settings" to "Off".


+---------------------------------------------------------------+
; Parameter Settings for User Entity Instance: I2C_AV_Config:u3 ;
+----------------+----------+-----------------------------------+
; Parameter Name ; Value    ; Type                              ;
+----------------+----------+-----------------------------------+
; CLK_Freq       ; 50000000 ; Signed Integer                    ;
; I2C_Freq       ; 20000    ; Signed Integer                    ;
; LUT_SIZE       ; 13       ; Signed Integer                    ;
; Dummy_DATA     ; 0        ; Signed Integer                    ;
; SET_LIN_L      ; 1        ; Signed Integer                    ;
; SET_LIN_R      ; 2        ; Signed Integer                    ;
; SET_HEAD_L     ; 3        ; Signed Integer                    ;
; SET_HEAD_R     ; 4        ; Signed Integer                    ;
; A_PATH_CTRL    ; 5        ; Signed Integer                    ;
; D_PATH_CTRL    ; 6        ; Signed Integer                    ;
; POWER_ON       ; 7        ; Signed Integer                    ;
; SET_FORMAT     ; 8        ; Signed Integer                    ;
; SAMPLE_CTRL    ; 9        ; Signed Integer                    ;
; SET_ACTIVE     ; 10       ; Signed Integer                    ;
; SET_VIDEO      ; 11       ; Signed Integer                    ;
+----------------+----------+-----------------------------------+
Note: In order to hide this table in the UI and the text report file, please set the "Show Parameter Settings in Synthesis Report" option in "Analysis and Synthesis Settings -> More Settings" to "Off".


+---------------------------------------------------------------+
; Parameter Settings for User Entity Instance: AUDIO_DAC_ADC:u4 ;
+------------------+----------+---------------------------------+
; Parameter Name   ; Value    ; Type                            ;
+------------------+----------+---------------------------------+
; REF_CLK          ; 18432000 ; Signed Integer                  ;
; SAMPLE_RATE      ; 48000    ; Signed Integer                  ;
; DATA_WIDTH       ; 16       ; Signed Integer                  ;
; CHANNEL_NUM      ; 2        ; Signed Integer                  ;
; SIN_SAMPLE_DATA  ; 48       ; Signed Integer                  ;
; FLASH_DATA_NUM   ; 1048576  ; Signed Integer                  ;
; SDRAM_DATA_NUM   ; 4194304  ; Signed Integer                  ;
; SRAM_DATA_NUM    ; 262144   ; Signed Integer                  ;
; FLASH_ADDR_WIDTH ; 20       ; Signed Integer                  ;
; SDRAM_ADDR_WIDTH ; 22       ; Signed Integer                  ;
; SRAM_ADDR_WIDTH  ; 18       ; Signed Integer                  ;
; FLASH_DATA_WIDTH ; 8        ; Signed Integer                  ;
; SDRAM_DATA_WIDTH ; 16       ; Signed Integer                  ;
; SRAM_DATA_WIDTH  ; 16       ; Signed Integer                  ;
; ADC_loop         ; 0        ; Signed Integer                  ;
; FLASH_DATA       ; 1        ; Signed Integer                  ;
; SDRAM_DATA       ; 2        ; Signed Integer                  ;
; SRAM_DATA        ; 3        ; Signed Integer                  ;
+------------------+----------+---------------------------------+
Note: In order to hide this table in the UI and the text report file, please set the "Show Parameter Settings in Synthesis Report" option in "Analysis and Synthesis Settings -> More Settings" to "Off".


+-----------------------------------------------------------+
; Parameter Settings for User Entity Instance: ram_infer:KS ;
+----------------+-------+----------------------------------+
; Parameter Name ; Value ; Type                             ;
+----------------+-------+----------------------------------+
; note           ; 437   ; Signed Integer                   ;
+----------------+-------+----------------------------------+
Note: In order to hide this table in the UI and the text report file, please set the "Show Parameter Settings in Synthesis Report" option in "Analysis and Synthesis Settings -> More Settings" to "Off".


+------------------------------------------------------------------------------------------------------+
; Parameter Settings for Inferred Entity Instance: sld_signaltap:auto_signaltap_0                      ;
+-------------------------------------------------+-----------------------------------+----------------+
; Parameter Name                                  ; Value                             ; Type           ;
+-------------------------------------------------+-----------------------------------+----------------+
; lpm_type                                        ; sld_signaltap                     ; String         ;
; sld_node_info                                   ; 536899072                         ; Untyped        ;
; SLD_IP_VERSION                                  ; 6                                 ; Signed Integer ;
; SLD_IP_MINOR_VERSION                            ; 0                                 ; Signed Integer ;
; SLD_COMMON_IP_VERSION                           ; 0                                 ; Signed Integer ;
; sld_data_bits                                   ; 4                                 ; Untyped        ;
; sld_trigger_bits                                ; 4                                 ; Untyped        ;
; SLD_NODE_CRC_BITS                               ; 32                                ; Signed Integer ;
; sld_node_crc_hiword                             ; 21303                             ; Untyped        ;
; sld_node_crc_loword                             ; 33425                             ; Untyped        ;
; SLD_INCREMENTAL_ROUTING                         ; 0                                 ; Signed Integer ;
; sld_sample_depth                                ; 128                               ; Untyped        ;
; sld_segment_size                                ; 128                               ; Untyped        ;
; SLD_RAM_BLOCK_TYPE                              ; AUTO                              ; String         ;
; sld_state_bits                                  ; 11                                ; Untyped        ;
; sld_buffer_full_stop                            ; 1                                 ; Untyped        ;
; SLD_MEM_ADDRESS_BITS                            ; 7                                 ; Signed Integer ;
; SLD_DATA_BIT_CNTR_BITS                          ; 4                                 ; Signed Integer ;
; sld_trigger_level                               ; 1                                 ; Untyped        ;
; sld_trigger_in_enabled                          ; 0                                 ; Untyped        ;
; sld_advanced_trigger_entity                     ; basic,1,                          ; Untyped        ;
; sld_trigger_level_pipeline                      ; 1                                 ; Untyped        ;
; sld_enable_advanced_trigger                     ; 0                                 ; Untyped        ;
; SLD_ADVANCED_TRIGGER_1                          ; NONE                              ; String         ;
; SLD_ADVANCED_TRIGGER_2                          ; NONE                              ; String         ;
; SLD_ADVANCED_TRIGGER_3                          ; NONE                              ; String         ;
; SLD_ADVANCED_TRIGGER_4                          ; NONE                              ; String         ;
; SLD_ADVANCED_TRIGGER_5                          ; NONE                              ; String         ;
; SLD_ADVANCED_TRIGGER_6                          ; NONE                              ; String         ;
; SLD_ADVANCED_TRIGGER_7                          ; NONE                              ; String         ;
; SLD_ADVANCED_TRIGGER_8                          ; NONE                              ; String         ;
; SLD_ADVANCED_TRIGGER_9                          ; NONE                              ; String         ;
; SLD_ADVANCED_TRIGGER_10                         ; NONE                              ; String         ;
; sld_inversion_mask_length                       ; 33                                ; Untyped        ;
; sld_inversion_mask                              ; 000000000000000000000000000000000 ; Untyped        ;
; sld_power_up_trigger                            ; 0                                 ; Untyped        ;
; SLD_STATE_FLOW_MGR_ENTITY                       ; state_flow_mgr_entity.vhd         ; String         ;
; sld_state_flow_use_generated                    ; 0                                 ; Untyped        ;
; sld_current_resource_width                      ; 1                                 ; Untyped        ;
; sld_attribute_mem_mode                          ; OFF                               ; Untyped        ;
; SLD_STORAGE_QUALIFIER_BITS                      ; 1                                 ; Signed Integer ;
; SLD_STORAGE_QUALIFIER_GAP_RECORD                ; 0                                 ; Signed Integer ;
; SLD_STORAGE_QUALIFIER_MODE                      ; OFF                               ; String         ;
; SLD_STORAGE_QUALIFIER_ENABLE_ADVANCED_CONDITION ; 0                                 ; Signed Integer ;
; sld_storage_qualifier_inversion_mask_length     ; 0                                 ; Untyped        ;
; SLD_STORAGE_QUALIFIER_ADVANCED_CONDITION_ENTITY ; basic                             ; String         ;
; SLD_STORAGE_QUALIFIER_PIPELINE                  ; 0                                 ; Signed Integer ;
+-------------------------------------------------+-----------------------------------+----------------+
Note: In order to hide this table in the UI and the text report file, please set the "Show Parameter Settings in Synthesis Report" option in "Analysis and Synthesis Settings -> More Settings" to "Off".


+----------------------------------------------------+
; Port Connectivity Checks: "signed_mult:gainfactor" ;
+-----------+-------+----------+---------------------+
; Port      ; Type  ; Severity ; Details             ;
+-----------+-------+----------+---------------------+
; a[14..9]  ; Input ; Info     ; Stuck at VCC        ;
; a[5..3]   ; Input ; Info     ; Stuck at VCC        ;
; a[17..15] ; Input ; Info     ; Stuck at GND        ;
; a[2..0]   ; Input ; Info     ; Stuck at GND        ;
; a[8]      ; Input ; Info     ; Stuck at GND        ;
; a[7]      ; Input ; Info     ; Stuck at VCC        ;
; a[6]      ; Input ; Info     ; Stuck at GND        ;
+-----------+-------+----------+---------------------+


+---------------------------------------------------------------------------------------------------------------------------------------------------------------------------------------+
; Port Connectivity Checks: "AUDIO_DAC_ADC:u4"                                                                                                                                          ;
+-------------+--------+----------+-----------------------------------------------------------------------------------------------------------------------------------------------------+
; Port        ; Type   ; Severity ; Details                                                                                                                                             ;
+-------------+--------+----------+-----------------------------------------------------------------------------------------------------------------------------------------------------+
; iSrc_Select ; Input  ; Warning  ; Input port expression (1 bits) is smaller than the input port (2 bits) it drives.  Extra input bit(s) "iSrc_Select[1..1]" will be connected to GND. ;
; oFLASH_ADDR ; Output ; Warning  ; Declared by entity but not connected by instance. Logic that only feeds a dangling port will be removed.                                            ;
; iFLASH_DATA ; Input  ; Warning  ; Declared by entity but not connected by instance. If a default value exists, it will be used.  Otherwise, the port will be connected to GND.        ;
; oSDRAM_ADDR ; Output ; Warning  ; Declared by entity but not connected by instance. Logic that only feeds a dangling port will be removed.                                            ;
; iSDRAM_DATA ; Input  ; Warning  ; Declared by entity but not connected by instance. If a default value exists, it will be used.  Otherwise, the port will be connected to GND.        ;
; oSRAM_ADDR  ; Output ; Warning  ; Declared by entity but not connected by instance. Logic that only feeds a dangling port will be removed.                                            ;
; iSRAM_DATA  ; Input  ; Warning  ; Declared by entity but not connected by instance. If a default value exists, it will be used.  Otherwise, the port will be connected to GND.        ;
+-------------+--------+----------+-----------------------------------------------------------------------------------------------------------------------------------------------------+


+-------------------------------------------------------------------------------------------------------------------------------------------------------------------------------+
; Port Connectivity Checks: "I2C_AV_Config:u3|I2C_Controller:u0"                                                                                                                ;
+------------+--------+----------+----------------------------------------------------------------------------------------------------------------------------------------------+
; Port       ; Type   ; Severity ; Details                                                                                                                                      ;
+------------+--------+----------+----------------------------------------------------------------------------------------------------------------------------------------------+
; W_R        ; Input  ; Warning  ; Declared by entity but not connected by instance. If a default value exists, it will be used.  Otherwise, the port will be connected to GND. ;
; SD_COUNTER ; Output ; Warning  ; Declared by entity but not connected by instance. Logic that only feeds a dangling port will be removed.                                     ;
; SDO        ; Output ; Warning  ; Declared by entity but not connected by instance. Logic that only feeds a dangling port will be removed.                                     ;
+------------+--------+----------+----------------------------------------------------------------------------------------------------------------------------------------------+


+----------------------------------------------------------------------------------------------------------------+
; Port Connectivity Checks: "VGA_Audio_PLL:p1"                                                                   ;
+------+--------+----------+-------------------------------------------------------------------------------------+
; Port ; Type   ; Severity ; Details                                                                             ;
+------+--------+----------+-------------------------------------------------------------------------------------+
; c0   ; Output ; Info     ; Connected to dangling logic. Logic that only feeds a dangling port will be removed. ;
+------+--------+----------+-------------------------------------------------------------------------------------+


+-------------------------------+
; Analysis & Synthesis Messages ;
+-------------------------------+
Info: *******************************************************************
Info: Running Quartus II 64-Bit Analysis & Synthesis
    Info: Version 11.0 Build 157 04/27/2011 SJ Full Version
    Info: Processing started: Thu Feb 28 14:10:15 2013
Info: Command: quartus_map --read_settings_files=on --write_settings_files=off DE2_Default -c DE2_Default
Critical Warning: Setting INCREMENTAL_COMPILATION to "OFF" is no longer supported. Assignment is ignored. To disable partitions, set the IGNORE_PARTITIONS global assignment to "ON" instead.
Info: Parallel compilation is enabled and will use 4 of the 4 processors detected
Info: Found 3 design units, including 3 entities, in source file ks1.v
    Info: Found entity 1: DE2_Default
    Info: Found entity 2: ram_infer
    Info: Found entity 3: signed_mult
Info: Found 1 design units, including 1 entities, in source file i2c_av_config.v
    Info: Found entity 1: I2C_AV_Config
Info: Found 1 design units, including 1 entities, in source file i2c_controller.v
    Info: Found entity 1: I2C_Controller
Warning: Can't analyze file -- file LCD_Controller.v is missing
Warning: Can't analyze file -- file LCD_TEST.v is missing
Info: Found 1 design units, including 1 entities, in source file reset_delay.v
    Info: Found entity 1: Reset_Delay
Info: Found 1 design units, including 1 entities, in source file vga_audio_pll.v
    Info: Found entity 1: VGA_Audio_PLL
Info: Found 1 design units, including 1 entities, in source file audio_dac_adc.v
    Info: Found entity 1: AUDIO_DAC_ADC
Warning (10037): Verilog HDL or VHDL warning at AUDIO_DAC_ADC.v(279): conditional expression evaluates to a constant
Info: Elaborating entity "DE2_Default" for the top level hierarchy
Warning (10034): Output port "HEX0" at KS1.v(186) has no driver
Warning (10034): Output port "HEX1" at KS1.v(187) has no driver
Warning (10034): Output port "HEX2" at KS1.v(188) has no driver
Warning (10034): Output port "HEX3" at KS1.v(189) has no driver
Warning (10034): Output port "HEX4" at KS1.v(190) has no driver
Warning (10034): Output port "HEX5" at KS1.v(191) has no driver
Warning (10034): Output port "HEX6" at KS1.v(192) has no driver
Warning (10034): Output port "HEX7" at KS1.v(193) has no driver
Warning (10034): Output port "DRAM_ADDR" at KS1.v(205) has no driver
Warning (10034): Output port "FL_ADDR" at KS1.v(218) has no driver
Warning (10034): Output port "SRAM_ADDR" at KS1.v(225) has no driver
Warning (10034): Output port "OTG_ADDR" at KS1.v(233) has no driver
Warning (10034): Output port "VGA_R" at KS1.v(275) has no driver
Warning (10034): Output port "VGA_G" at KS1.v(276) has no driver
Warning (10034): Output port "VGA_B" at KS1.v(277) has no driver
Warning (10034): Output port "UART_TXD" at KS1.v(198) has no driver
Warning (10034): Output port "IRDA_TXD" at KS1.v(201) has no driver
Warning (10034): Output port "DRAM_LDQM" at KS1.v(206) has no driver
Warning (10034): Output port "DRAM_UDQM" at KS1.v(207) has no driver
Warning (10034): Output port "DRAM_WE_N" at KS1.v(208) has no driver
Warning (10034): Output port "DRAM_CAS_N" at KS1.v(209) has no driver
Warning (10034): Output port "DRAM_RAS_N" at KS1.v(210) has no driver
Warning (10034): Output port "DRAM_CS_N" at KS1.v(211) has no driver
Warning (10034): Output port "DRAM_BA_0" at KS1.v(212) has no driver
Warning (10034): Output port "DRAM_BA_1" at KS1.v(213) has no driver
Warning (10034): Output port "DRAM_CLK" at KS1.v(214) has no driver
Warning (10034): Output port "DRAM_CKE" at KS1.v(215) has no driver
Warning (10034): Output port "FL_WE_N" at KS1.v(219) has no driver
Warning (10034): Output port "FL_RST_N" at KS1.v(220) has no driver
Warning (10034): Output port "FL_OE_N" at KS1.v(221) has no driver
Warning (10034): Output port "FL_CE_N" at KS1.v(222) has no driver
Warning (10034): Output port "SRAM_UB_N" at KS1.v(226) has no driver
Warning (10034): Output port "SRAM_LB_N" at KS1.v(227) has no driver
Warning (10034): Output port "SRAM_WE_N" at KS1.v(228) has no driver
Warning (10034): Output port "SRAM_CE_N" at KS1.v(229) has no driver
Warning (10034): Output port "SRAM_OE_N" at KS1.v(230) has no driver
Warning (10034): Output port "OTG_CS_N" at KS1.v(234) has no driver
Warning (10034): Output port "OTG_RD_N" at KS1.v(235) has no driver
Warning (10034): Output port "OTG_WR_N" at KS1.v(236) has no driver
Warning (10034): Output port "OTG_RST_N" at KS1.v(237) has no driver
Warning (10034): Output port "OTG_FSPEED" at KS1.v(238) has no driver
Warning (10034): Output port "OTG_LSPEED" at KS1.v(239) has no driver
Warning (10034): Output port "OTG_DACK0_N" at KS1.v(244) has no driver
Warning (10034): Output port "OTG_DACK1_N" at KS1.v(245) has no driver
Warning (10034): Output port "LCD_RW" at KS1.v(250) has no driver
Warning (10034): Output port "LCD_EN" at KS1.v(251) has no driver
Warning (10034): Output port "LCD_RS" at KS1.v(252) has no driver
Warning (10034): Output port "SD_CLK" at KS1.v(257) has no driver
Warning (10034): Output port "TDO" at KS1.v(268) has no driver
Warning (10034): Output port "VGA_HS" at KS1.v(271) has no driver
Warning (10034): Output port "VGA_VS" at KS1.v(272) has no driver
Warning (10034): Output port "VGA_BLANK" at KS1.v(273) has no driver
Warning (10034): Output port "VGA_SYNC" at KS1.v(274) has no driver
Warning (10034): Output port "ENET_CMD" at KS1.v(280) has no driver
Warning (10034): Output port "ENET_CS_N" at KS1.v(281) has no driver
Warning (10034): Output port "ENET_WR_N" at KS1.v(282) has no driver
Warning (10034): Output port "ENET_RD_N" at KS1.v(283) has no driver
Warning (10034): Output port "ENET_RST_N" at KS1.v(284) has no driver
Warning (10034): Output port "ENET_CLK" at KS1.v(286) has no driver
Info: Elaborating entity "Reset_Delay" for hierarchy "Reset_Delay:r0"
Warning (10230): Verilog HDL assignment warning at Reset_Delay.v(10): truncated value with size 32 to match size of target (20)
Info: Elaborating entity "VGA_Audio_PLL" for hierarchy "VGA_Audio_PLL:p1"
Info: Elaborating entity "altpll" for hierarchy "VGA_Audio_PLL:p1|altpll:altpll_component"
Info: Elaborated megafunction instantiation "VGA_Audio_PLL:p1|altpll:altpll_component"
Info: Instantiated megafunction "VGA_Audio_PLL:p1|altpll:altpll_component" with the following parameter:
    Info: Parameter "clk0_divide_by" = "15"
    Info: Parameter "clk0_duty_cycle" = "50"
    Info: Parameter "clk0_multiply_by" = "14"
    Info: Parameter "clk0_phase_shift" = "0"
    Info: Parameter "clk1_divide_by" = "3"
    Info: Parameter "clk1_duty_cycle" = "50"
    Info: Parameter "clk1_multiply_by" = "2"
    Info: Parameter "clk1_phase_shift" = "0"
    Info: Parameter "clk2_divide_by" = "15"
    Info: Parameter "clk2_duty_cycle" = "50"
    Info: Parameter "clk2_multiply_by" = "14"
    Info: Parameter "clk2_phase_shift" = "-9921"
    Info: Parameter "compensate_clock" = "CLK0"
    Info: Parameter "inclk0_input_frequency" = "37037"
    Info: Parameter "intended_device_family" = "Cyclone II"
    Info: Parameter "lpm_type" = "altpll"
    Info: Parameter "operation_mode" = "NORMAL"
    Info: Parameter "pll_type" = "FAST"
Info: Elaborating entity "I2C_AV_Config" for hierarchy "I2C_AV_Config:u3"
Warning (10230): Verilog HDL assignment warning at I2C_AV_Config.v(55): truncated value with size 32 to match size of target (16)
Warning (10230): Verilog HDL assignment warning at I2C_AV_Config.v(106): truncated value with size 32 to match size of target (6)
Info: Elaborating entity "I2C_Controller" for hierarchy "I2C_AV_Config:u3|I2C_Controller:u0"
Warning (10230): Verilog HDL assignment warning at I2C_Controller.v(78): truncated value with size 32 to match size of target (1)
Warning (10230): Verilog HDL assignment warning at I2C_Controller.v(77): truncated value with size 32 to match size of target (1)
Warning (10230): Verilog HDL assignment warning at I2C_Controller.v(90): truncated value with size 32 to match size of target (6)
Info: Elaborating entity "AUDIO_DAC_ADC" for hierarchy "AUDIO_DAC_ADC:u4"
Warning (10036): Verilog HDL or VHDL warning at AUDIO_DAC_ADC.v(73): object "FLASH_Out" assigned a value but never read
Warning (10036): Verilog HDL or VHDL warning at AUDIO_DAC_ADC.v(74): object "SDRAM_Out" assigned a value but never read
Warning (10036): Verilog HDL or VHDL warning at AUDIO_DAC_ADC.v(75): object "SRAM_Out" assigned a value but never read
Warning (10230): Verilog HDL assignment warning at AUDIO_DAC_ADC.v(101): truncated value with size 32 to match size of target (4)
Warning (10230): Verilog HDL assignment warning at AUDIO_DAC_ADC.v(128): truncated value with size 32 to match size of target (9)
Warning (10230): Verilog HDL assignment warning at AUDIO_DAC_ADC.v(136): truncated value with size 32 to match size of target (8)
Warning (10230): Verilog HDL assignment warning at AUDIO_DAC_ADC.v(144): truncated value with size 32 to match size of target (7)
Warning (10230): Verilog HDL assignment warning at AUDIO_DAC_ADC.v(159): truncated value with size 32 to match size of target (20)
Warning (10230): Verilog HDL assignment warning at AUDIO_DAC_ADC.v(195): truncated value with size 32 to match size of target (22)
Warning (10230): Verilog HDL assignment warning at AUDIO_DAC_ADC.v(226): truncated value with size 32 to match size of target (18)
Warning (10230): Verilog HDL assignment warning at AUDIO_DAC_ADC.v(260): truncated value with size 32 to match size of target (4)
Info: Elaborating entity "ram_infer" for hierarchy "ram_infer:KS"
Info: Elaborating entity "signed_mult" for hierarchy "signed_mult:gainfactor"
Info: Found 1 design units, including 1 entities, in source file db/altsyncram_mm14.tdf
    Info: Found entity 1: altsyncram_mm14
Info: Found 1 design units, including 1 entities, in source file db/mux_aoc.tdf
    Info: Found entity 1: mux_aoc
Info: Found 1 design units, including 1 entities, in source file db/decode_rqf.tdf
    Info: Found entity 1: decode_rqf
Info: Found 1 design units, including 1 entities, in source file db/cntr_8ai.tdf
    Info: Found entity 1: cntr_8ai
Info: Found 1 design units, including 1 entities, in source file db/cntr_02j.tdf
    Info: Found entity 1: cntr_02j
Info: Found 1 design units, including 1 entities, in source file db/cntr_sbi.tdf
    Info: Found entity 1: cntr_sbi
Info: Found 1 design units, including 1 entities, in source file db/cmpr_8cc.tdf
    Info: Found entity 1: cmpr_8cc
Info: Found 1 design units, including 1 entities, in source file db/cntr_gui.tdf
    Info: Found entity 1: cntr_gui
Info: Found 1 design units, including 1 entities, in source file db/cmpr_5cc.tdf
    Info: Found entity 1: cmpr_5cc
Info: Analysis and Synthesis generated SignalTap II or debug node instance "auto_signaltap_0"
Error: Can't compile project with SignalTap II instance "sld_signaltap:auto_signaltap_0" in unsupported SignalTap II IP version 4.  Current SignalTap II IP version is 6.
Error: Can't elaborate inferred hierarchy "sld_hub:auto_hub"
Warning: 2 hierarchies have connectivity warnings - see the Connectivity Checks report folder
Info: Generated suppressed messages file C:/ece5760/lab3/KarplusStrong/DE2_Default.map.smsg
Error: Quartus II 64-Bit Analysis & Synthesis was unsuccessful. 2 errors, 81 warnings
    Error: Peak virtual memory: 413 megabytes
    Error: Processing ended: Thu Feb 28 14:10:20 2013
    Error: Elapsed time: 00:00:05
    Error: Total CPU time (on all processors): 00:00:05


+------------------------------------------+
; Analysis & Synthesis Suppressed Messages ;
+------------------------------------------+
The suppressed messages can be found in C:/ece5760/lab3/KarplusStrong/DE2_Default.map.smsg.


