MIF/HEX Update report for DE2_TOP
Thu Dec 15 08:30:09 2011
Quartus II 64-Bit Version 10.0 Build 218 06/27/2010 SJ Full Version


---------------------
; Table of Contents ;
---------------------
  1. Legal Notice
  2. MIF/HEX Update Summary
  3. MIF/HEX Update Processed Files
  4. MIF/HEX Update Messages



----------------
; Legal Notice ;
----------------
Copyright (C) 1991-2010 Altera Corporation
Your use of Altera Corporation's design tools, logic functions 
and other software and tools, and its AMPP partner logic 
functions, and any output files from any of the foregoing 
(including device programming or simulation files), and any 
associated documentation or information are expressly subject 
to the terms and conditions of the Altera Program License 
Subscription Agreement, Altera MegaCore Function License 
Agreement, or other applicable license agreement, including, 
without limitation, that your use is for the sole purpose of 
programming logic devices manufactured by Altera and sold by 
Altera or its authorized distributors.  Please refer to the 
applicable agreement for further details.



+---------------------------------------------------------------+
; MIF/HEX Update Summary                                        ;
+-----------------------+---------------------------------------+
; MIF/HEX Update Status ; Successful - Thu Dec 15 08:30:09 2011 ;
; Revision Name         ; DE2_TOP                               ;
; Top-level Entity Name ; DE2_TOP                               ;
; Family                ; Cyclone II                            ;
; Device                ; EP2C35F672C6                          ;
+-----------------------+---------------------------------------+


+------------------------------------------------+
; MIF/HEX Update Processed Files                 ;
+------------------------------------------------+
; File Name                                      ;
+------------------------------------------------+
; C:/DE2/VGA_m4k/font_rom.mif                    ;
; C:/DE2/VGA_m4k/stack_three_vga_sram_access.mif ;
+------------------------------------------------+


+-------------------------+
; MIF/HEX Update Messages ;
+-------------------------+
Info: *******************************************************************
Info: Running Quartus II 64-Bit MIF/HEX Update
    Info: Version 10.0 Build 218 06/27/2010 SJ Full Version
    Info: Processing started: Thu Dec 15 08:30:07 2011
Info: Command: quartus_cdb VGA_m4k -c DE2_TOP --update_mif
Warning: 1559 out of 4096 addresses are reinitialized. The latest initialized data will replace the existing data. There are 1559 warnings found, and 10 warnings are reported.
    Warning: Memory Initialization File address 0 is reinitialized
    Warning: Memory Initialization File address 1 is reinitialized
    Warning: Memory Initialization File address 2 is reinitialized
    Warning: Memory Initialization File address 3 is reinitialized
    Warning: Memory Initialization File address 4 is reinitialized
    Warning: Memory Initialization File address 5 is reinitialized
    Warning: Memory Initialization File address 6 is reinitialized
    Warning: Memory Initialization File address 7 is reinitialized
    Warning: Memory Initialization File address 8 is reinitialized
    Warning: Memory Initialization File address 9 is reinitialized
Warning: 2048 out of 2048 addresses are reinitialized. The latest initialized data will replace the existing data. There are 2048 warnings found, and 10 warnings are reported.
    Warning: Memory Initialization File address 0 is reinitialized
    Warning: Memory Initialization File address 1 is reinitialized
    Warning: Memory Initialization File address 2 is reinitialized
    Warning: Memory Initialization File address 3 is reinitialized
    Warning: Memory Initialization File address 4 is reinitialized
    Warning: Memory Initialization File address 5 is reinitialized
    Warning: Memory Initialization File address 6 is reinitialized
    Warning: Memory Initialization File address 7 is reinitialized
    Warning: Memory Initialization File address 8 is reinitialized
    Warning: Memory Initialization File address 9 is reinitialized
Info: Processed the following Memory Initialization File(s)
    Info: Processed Memory Initialization File C:/DE2/VGA_m4k/font_rom.mif
    Info: Processed Memory Initialization File C:/DE2/VGA_m4k/stack_three_vga_sram_access.mif
Info: Quartus II 64-Bit MIF/HEX Update was successful. 0 errors, 22 warnings
    Info: Peak virtual memory: 350 megabytes
    Info: Processing ended: Thu Dec 15 08:30:09 2011
    Info: Elapsed time: 00:00:02
    Info: Total CPU time (on all processors): 00:00:02


